2023-08-09 09:37:09.668  INFO 17316 --- [main] g.m.m.MsavaliadorcreditoApplicationTests : Starting MsavaliadorcreditoApplicationTests using Java 17.0.3.1 on IBM-PF401H48 with PID 17316 (started by 014073631 in C:\Users\014073631\www\java\microservices\projeto-ms\msavaliadorcredito)
2023-08-09 09:37:09.672  INFO 17316 --- [main] g.m.m.MsavaliadorcreditoApplicationTests : No active profile set, falling back to 1 default profile: "default"
2023-08-09 09:37:12.312  INFO 17316 --- [main] o.s.cloud.context.scope.GenericScope     : BeanFactory id=4adb1f2c-842e-365e-85d8-6564f9c5a184
2023-08-09 09:37:13.604  INFO 17316 --- [main] o.s.c.openfeign.FeignClientFactoryBean   : For 'msclientes' URL not provided. Will try picking an instance via load-balancing.
2023-08-09 09:37:13.812  INFO 17316 --- [main] o.s.c.openfeign.FeignClientFactoryBean   : For 'mscartoes' URL not provided. Will try picking an instance via load-balancing.
2023-08-09 09:37:17.866  INFO 17316 --- [main] DiscoveryClientOptionalArgsConfiguration : Eureka HTTP Client uses RestTemplate.
2023-08-09 09:37:18.000  WARN 17316 --- [main] iguration$LoadBalancerCaffeineWarnLogger : Spring Cloud LoadBalancer is currently working with the default cache. While this cache implementation is useful for development and tests, it's recommended to use Caffeine cache in production.You can switch to using Caffeine cache, by adding it and org.springframework.cache.caffeine.CaffeineCacheManager to the classpath.
2023-08-09 09:37:18.035  INFO 17316 --- [main] o.s.b.a.e.web.EndpointLinksResolver      : Exposing 17 endpoint(s) beneath base path '/actuator'
2023-08-09 09:37:18.160  INFO 17316 --- [main] g.m.m.MsavaliadorcreditoApplicationTests : Started MsavaliadorcreditoApplicationTests in 9.193 seconds (JVM running for 11.277)
2023-08-09 09:37:18.839  INFO 17316 --- [SpringApplicationShutdownHook] o.s.c.n.eureka.InstanceInfoFactory       : Setting initial instance status as: STARTING
2023-08-09 09:37:18.841  INFO 17316 --- [SpringApplicationShutdownHook] o.s.c.n.e.s.EurekaServiceRegistry        : Unregistering application MSAVALIADORCREDITO with eureka with status DOWN
2023-08-09 09:42:43.454  INFO 11052 --- [restartedMain] i.g.g.m.m.MsavaliadorcreditoApplication  : Starting MsavaliadorcreditoApplication using Java 17.0.7 on IBM-PF401H48 with PID 11052 (C:\Users\014073631\www\java\microservices\projeto-ms\msavaliadorcredito\target\classes started by 014073631 in C:\Users\014073631\www\java\microservices\projeto-ms\msavaliadorcredito)
2023-08-09 09:42:43.532  INFO 11052 --- [restartedMain] i.g.g.m.m.MsavaliadorcreditoApplication  : No active profile set, falling back to 1 default profile: "default"
2023-08-09 09:42:43.702  INFO 11052 --- [restartedMain] .e.DevToolsPropertyDefaultsPostProcessor : Devtools property defaults active! Set 'spring.devtools.add-properties' to 'false' to disable
2023-08-09 09:42:43.716  INFO 11052 --- [restartedMain] .e.DevToolsPropertyDefaultsPostProcessor : For additional web related logging consider setting the 'logging.level.web' property to 'DEBUG'
2023-08-09 09:42:53.566  INFO 11052 --- [restartedMain] o.s.cloud.context.scope.GenericScope     : BeanFactory id=a2153cf5-79fd-3aa5-9c04-2e5c41f585d1
2023-08-09 09:42:58.393  INFO 11052 --- [restartedMain] o.s.b.w.embedded.tomcat.TomcatWebServer  : Tomcat initialized with port(s): 0 (http)
2023-08-09 09:42:58.415  INFO 11052 --- [restartedMain] o.apache.catalina.core.StandardService   : Starting service [Tomcat]
2023-08-09 09:42:58.417  INFO 11052 --- [restartedMain] org.apache.catalina.core.StandardEngine  : Starting Servlet engine: [Apache Tomcat/9.0.63]
2023-08-09 09:42:58.998  INFO 11052 --- [restartedMain] o.a.c.c.C.[Tomcat].[localhost].[/]       : Initializing Spring embedded WebApplicationContext
2023-08-09 09:42:59.093  INFO 11052 --- [restartedMain] w.s.c.ServletWebServerApplicationContext : Root WebApplicationContext: initialization completed in 15345 ms
2023-08-09 09:43:09.090  WARN 11052 --- [restartedMain] o.s.b.d.a.OptionalLiveReloadServer       : Unable to start LiveReload server
2023-08-09 09:43:11.585  INFO 11052 --- [restartedMain] o.s.c.openfeign.FeignClientFactoryBean   : For 'msclientes' URL not provided. Will try picking an instance via load-balancing.
2023-08-09 09:43:14.145  INFO 11052 --- [restartedMain] o.s.c.openfeign.FeignClientFactoryBean   : For 'mscartoes' URL not provided. Will try picking an instance via load-balancing.
2023-08-09 09:43:29.677  INFO 11052 --- [restartedMain] DiscoveryClientOptionalArgsConfiguration : Eureka HTTP Client uses RestTemplate.
2023-08-09 09:43:29.857  WARN 11052 --- [restartedMain] iguration$LoadBalancerCaffeineWarnLogger : Spring Cloud LoadBalancer is currently working with the default cache. While this cache implementation is useful for development and tests, it's recommended to use Caffeine cache in production.You can switch to using Caffeine cache, by adding it and org.springframework.cache.caffeine.CaffeineCacheManager to the classpath.
2023-08-09 09:43:29.929  INFO 11052 --- [restartedMain] o.s.b.a.e.web.EndpointLinksResolver      : Exposing 17 endpoint(s) beneath base path '/actuator'
2023-08-09 09:43:30.616  INFO 11052 --- [restartedMain] o.s.b.w.embedded.tomcat.TomcatWebServer  : Tomcat started on port(s): 54449 (http) with context path ''
2023-08-09 09:43:30.623  INFO 11052 --- [restartedMain] .s.c.n.e.s.EurekaAutoServiceRegistration : Updating port to 54449
2023-08-09 09:43:30.634  INFO 11052 --- [restartedMain] o.s.c.n.eureka.InstanceInfoFactory       : Setting initial instance status as: STARTING
2023-08-09 09:43:30.822  INFO 11052 --- [restartedMain] com.netflix.discovery.DiscoveryClient    : Initializing Eureka in region us-east-1
2023-08-09 09:43:30.831  INFO 11052 --- [restartedMain] c.n.d.s.r.aws.ConfigClusterResolver      : Resolving eureka endpoints via configuration
2023-08-09 09:43:30.911  INFO 11052 --- [restartedMain] com.netflix.discovery.DiscoveryClient    : Disable delta property : false
2023-08-09 09:43:30.946  INFO 11052 --- [restartedMain] com.netflix.discovery.DiscoveryClient    : Single vip registry refresh property : null
2023-08-09 09:43:30.976  INFO 11052 --- [restartedMain] com.netflix.discovery.DiscoveryClient    : Force full registry fetch : false
2023-08-09 09:43:31.040  INFO 11052 --- [restartedMain] com.netflix.discovery.DiscoveryClient    : Application is null : false
2023-08-09 09:43:31.135  INFO 11052 --- [restartedMain] com.netflix.discovery.DiscoveryClient    : Registered Applications size is zero : true
2023-08-09 09:43:31.275  INFO 11052 --- [restartedMain] com.netflix.discovery.DiscoveryClient    : Application version is -1: true
2023-08-09 09:43:31.316  INFO 11052 --- [restartedMain] com.netflix.discovery.DiscoveryClient    : Getting all instance registry info from the eureka server
2023-08-09 09:43:32.905  INFO 11052 --- [restartedMain] com.netflix.discovery.DiscoveryClient    : The response status is 200
2023-08-09 09:43:32.910  INFO 11052 --- [restartedMain] com.netflix.discovery.DiscoveryClient    : Starting heartbeat executor: renew interval is: 30
2023-08-09 09:43:32.915  INFO 11052 --- [restartedMain] c.n.discovery.InstanceInfoReplicator     : InstanceInfoReplicator onDemand update allowed rate per min is 4
2023-08-09 09:43:32.950  INFO 11052 --- [restartedMain] com.netflix.discovery.DiscoveryClient    : Discovery Client initialized at timestamp 1691585012948 with initial instances count: 2
2023-08-09 09:43:33.034  INFO 11052 --- [restartedMain] o.s.c.n.e.s.EurekaServiceRegistry        : Registering application MSAVALIADORCREDITO with eureka with status UP
2023-08-09 09:43:33.068  INFO 11052 --- [restartedMain] com.netflix.discovery.DiscoveryClient    : Saw local status change event StatusChangeEvent [timestamp=1691585013068, current=UP, previous=STARTING]
2023-08-09 09:43:33.116  INFO 11052 --- [DiscoveryClient-InstanceInfoReplicator-0] com.netflix.discovery.DiscoveryClient    : DiscoveryClient_MSAVALIADORCREDITO/msavaliadorcredito:e95bb7b4d64f20958eb4dd930baceb7a: registering service...
2023-08-09 09:43:33.487  INFO 11052 --- [DiscoveryClient-InstanceInfoReplicator-0] com.netflix.discovery.DiscoveryClient    : DiscoveryClient_MSAVALIADORCREDITO/msavaliadorcredito:e95bb7b4d64f20958eb4dd930baceb7a - registration status: 204
2023-08-09 09:43:34.666  INFO 11052 --- [restartedMain] i.g.g.m.m.MsavaliadorcreditoApplication  : Started MsavaliadorcreditoApplication in 64.792 seconds (JVM running for 67.695)
2023-08-09 09:45:51.993  INFO 11052 --- [http-nio-auto-1-exec-1] o.a.c.c.C.[Tomcat].[localhost].[/]       : Initializing Spring DispatcherServlet 'dispatcherServlet'
2023-08-09 09:45:51.994  INFO 11052 --- [http-nio-auto-1-exec-1] o.s.web.servlet.DispatcherServlet        : Initializing Servlet 'dispatcherServlet'
2023-08-09 09:45:51.997  INFO 11052 --- [http-nio-auto-1-exec-1] o.s.web.servlet.DispatcherServlet        : Completed initialization in 2 ms
2023-08-09 09:48:31.372  INFO 11052 --- [AsyncResolver-bootstrap-executor-0] c.n.d.s.r.aws.ConfigClusterResolver      : Resolving eureka endpoints via configuration
